<?xml version="1.0" encoding="UTF-8"?>
<testsuite name="PowerTest" tests="4" skipped="0" failures="0" errors="0" timestamp="2024-04-13T07:53:53" hostname="LAPTOP-BHAVIKA" time="0.008">
  <properties/>
  <testcase name="oneRaisedToOneIsOne" classname="PowerTest" time="0.005"/>
  <testcase name="twoRaisedToOneIsTwo" classname="PowerTest" time="0.0"/>
  <testcase name="twoPowerTwoIsFour" classname="PowerTest" time="0.001"/>
  <testcase name="powerOfTwoAndThreeIsSix" classname="PowerTest" time="0.0"/>
  <system-out><![CDATA[]]></system-out>
  <system-err><![CDATA[]]></system-err>
</testsuite>
